<?xml version="1.0" encoding="UTF-8"?>
<!-- Generated by org.testng.reporters.JUnitXMLReporter -->
<testsuite ignored="0" hostname="DESKTOP-7G0THSI" failures="0" tests="4" name="Test-runner2" time="0.101" errors="0" timestamp="2023-03-27T13:10:22 IST">
  <testcase classname="com.saip_practiec.TS_02" name="test_03" time="0.012"/>
  <testcase classname="com.saip_practiec.TS_02" name="test_04" time="0.004"/>
  <testcase classname="com.saip_practiec.TS_01" name="test_01" time="0.002"/>
  <testcase classname="com.saip_practiec.TS_01" name="test_02" time="0.007"/>
</testsuite> <!-- Test-runner2 -->
