<?xml version="1.0" encoding="UTF-8"?>
<!-- Generated by org.testng.reporters.JUnitXMLReporter -->
<testsuite ignored="0" hostname="DESKTOP-7G0THSI" failures="0" tests="4" name="Test-runner1" time="0.104" errors="0" timestamp="2023-03-27T13:10:22 IST">
  <testcase classname="com.saip_practiec.TS_04" name="test_07" time="0.012"/>
  <testcase classname="com.saip_practiec.TS_04" name="test_08" time="0.004"/>
  <testcase classname="com.saip_practiec.TS_03" name="test_05" time="0.003"/>
  <testcase classname="com.saip_practiec.TS_03" name="test_06" time="0.008"/>
</testsuite> <!-- Test-runner1 -->
