<?xml version="1.0" encoding="UTF-8"?>
<!-- Generated by org.testng.reporters.JUnitReportReporter -->
<testsuite hostname="DESKTOP-7G0THSI" failures="0" tests="1" name="Product_module.Add_sup_add_prod_verify_Test" time="17.969" errors="0" timestamp="2023-03-27T12:00:22 IST" skipped="0">
  <testcase classname="Product_module.Add_sup_add_prod_verify_Test" name="addSupAddPodAndVerify" time="17.969"/>
  <system-out/>
</testsuite> <!-- Product_module.Add_sup_add_prod_verify_Test -->
