<?xml version="1.0" encoding="UTF-8"?>
<!-- Generated by org.testng.reporters.JUnitReportReporter -->
<testsuite hostname="DESKTOP-7G0THSI" failures="0" tests="1" name="com.saip_practiec.read_data_using_dataprovider" time="0.000" errors="0" timestamp="2023-03-24T11:11:14 IST" skipped="1">
  <testcase classname="com.saip_practiec.read_data_using_dataprovider" name="exc" time="0.000">
    <skipped/>
  </testcase> <!-- exc -->
  <system-out/>
</testsuite> <!-- com.saip_practiec.read_data_using_dataprovider -->
