<?xml version="1.0" encoding="UTF-8"?>
<!-- Generated by org.testng.reporters.JUnitReportReporter -->
<testsuite skipped="0" hostname="DESKTOP-7G0THSI" name="allPomScript.P_Bill_for_new_cust_test" tests="1" failures="0" timestamp="2023-03-31T13:11:07 IST" time="15.167" errors="0">
  <testcase name="billingfornewcust" time="15.167" classname="allPomScript.P_Bill_for_new_cust_test"/>
  <system-out>
    <![CDATA[billingfornewcust-------->Testscript execution started
billingfornewcust--------->testscript execution is passed]]>
  </system-out>
</testsuite> <!-- allPomScript.P_Bill_for_new_cust_test -->
