<?xml version="1.0" encoding="UTF-8"?>
<!-- Generated by org.testng.reporters.JUnitReportReporter -->
<testsuite hostname="DESKTOP-7G0THSI" failures="0" tests="1" name="accounts_module.getTheAccouuntDetails" time="8.829" errors="0" timestamp="2023-03-24T16:59:09 IST" skipped="0">
  <testcase classname="accounts_module.getTheAccouuntDetails" name="accounts" time="8.829"/>
  <system-out/>
</testsuite> <!-- accounts_module.getTheAccouuntDetails -->
