<?xml version="1.0" encoding="UTF-8"?>
<!-- Generated by org.testng.reporters.JUnitReportReporter -->
<testsuite hostname="DESKTOP-7G0THSI" failures="0" tests="4" name="com.saip_practiec.dataprovidedbyexcel" time="0.017" errors="0" timestamp="2023-03-24T11:12:10 IST" skipped="0">
  <testcase classname="com.saip_practiec.dataprovidedbyexcel" name="read" time="0.002"/>
  <system-out/>
  <testcase classname="com.saip_practiec.dataprovidedbyexcel" name="read" time="0.008"/>
  <system-out/>
  <testcase classname="com.saip_practiec.dataprovidedbyexcel" name="read" time="0.005"/>
  <system-out/>
  <testcase classname="com.saip_practiec.dataprovidedbyexcel" name="read" time="0.002"/>
  <system-out/>
</testsuite> <!-- com.saip_practiec.dataprovidedbyexcel -->
