<?xml version="1.0" encoding="UTF-8"?>
<!-- Generated by org.testng.reporters.JUnitReportReporter -->
<testsuite skipped="0" hostname="DESKTOP-7G0THSI" name="allPomScript.getTheAccouuntDetails" tests="1" failures="0" timestamp="2023-03-31T13:11:06 IST" time="16.992" errors="0">
  <testcase name="accounts" time="16.992" classname="allPomScript.getTheAccouuntDetails"/>
  <system-out>
    <![CDATA[accounts-------->Testscript execution started
accounts--------->testscript execution is passed]]>
  </system-out>
</testsuite> <!-- allPomScript.getTheAccouuntDetails -->
