<?xml version="1.0" encoding="UTF-8"?>
<!-- Generated by org.testng.reporters.JUnitReportReporter -->
<testsuite hostname="DESKTOP-7G0THSI" failures="0" tests="2" name="com.saip_practiec.TS_03" time="0.011" errors="0" timestamp="2023-03-27T13:10:23 IST" skipped="0">
  <testcase classname="com.saip_practiec.TS_03" name="test_05" time="0.003"/>
  <system-out/>
  <testcase classname="com.saip_practiec.TS_03" name="test_06" time="0.008"/>
  <system-out/>
</testsuite> <!-- com.saip_practiec.TS_03 -->
