<?xml version="1.0" encoding="UTF-8"?>
<!-- Generated by org.testng.reporters.JUnitReportReporter -->
<testsuite hostname="DESKTOP-7G0THSI" failures="0" tests="1" name="Customer_module.create_customer_test" time="18.163" errors="0" timestamp="2023-03-27T12:04:46 IST" skipped="0">
  <testcase classname="Customer_module.create_customer_test" name="create_cust" time="18.163"/>
  <system-out/>
</testsuite> <!-- Customer_module.create_customer_test -->
