<?xml version="1.0" encoding="UTF-8"?>
<!-- Generated by org.testng.reporters.JUnitReportReporter -->
<testsuite hostname="DESKTOP-7G0THSI" failures="0" tests="1" name="User_Module.P_Bill_for_new_cust_test" time="12.781" errors="0" timestamp="2023-03-24T13:18:18 IST" skipped="0">
  <testcase classname="User_Module.P_Bill_for_new_cust_test" name="billingfornewcust" time="12.781"/>
  <system-out/>
</testsuite> <!-- User_Module.P_Bill_for_new_cust_test -->
