<?xml version="1.0" encoding="UTF-8"?>
<!-- Generated by org.testng.reporters.JUnitReportReporter -->
<testsuite skipped="0" hostname="DESKTOP-7G0THSI" name="allPomScript.create_customer_test" tests="1" failures="0" timestamp="2023-03-31T13:12:00 IST" time="14.099" errors="0">
  <testcase name="create_cust" time="14.099" classname="allPomScript.create_customer_test"/>
  <system-out>
    <![CDATA[create_cust-------->Testscript execution started
create_cust--------->testscript execution is passed]]>
  </system-out>
</testsuite> <!-- allPomScript.create_customer_test -->
