<?xml version="1.0" encoding="UTF-8"?>
<!-- Generated by org.testng.reporters.JUnitReportReporter -->
<testsuite hostname="DESKTOP-7G0THSI" failures="0" tests="2" name="com.saip_practiec.TS_02" time="0.016" errors="0" timestamp="2023-03-27T13:10:23 IST" skipped="0">
  <testcase classname="com.saip_practiec.TS_02" name="test_03" time="0.012"/>
  <system-out/>
  <testcase classname="com.saip_practiec.TS_02" name="test_04" time="0.004"/>
  <system-out/>
</testsuite> <!-- com.saip_practiec.TS_02 -->
